<?xml version="1.0" encoding="UTF-8"?>
<testsuite xmlns:xsi="http://www.w3.org/2001/XMLSchema-instance" xsi:noNamespaceSchemaLocation="https://maven.apache.org/surefire/maven-surefire-plugin/xsd/surefire-test-report-3.0.xsd" version="3.0" name="TestSuite" time="11.715" tests="1" errors="0" skipped="0" failures="0">
  <properties>
    <property name="java.specification.version" value="21"/>
    <property name="webdriver.chrome.driver" value="C:\Users\jyots\.cache\selenium\chromedriver\win64\123.0.6312.122\chromedriver.exe"/>
    <property name="sun.cpu.isalist" value="amd64"/>
    <property name="sun.jnu.encoding" value="Cp1252"/>
    <property name="java.class.path" value="C:\Users\jyots\eclipse-workspace\Web\target\test-classes;C:\Users\jyots\eclipse-workspace\Web\target\classes;C:\Users\jyots\.m2\repository\org\seleniumhq\selenium\selenium-java\4.18.1\selenium-java-4.18.1.jar;C:\Users\jyots\.m2\repository\org\seleniumhq\selenium\selenium-api\4.18.1\selenium-api-4.18.1.jar;C:\Users\jyots\.m2\repository\org\seleniumhq\selenium\selenium-chrome-driver\4.18.1\selenium-chrome-driver-4.18.1.jar;C:\Users\jyots\.m2\repository\org\seleniumhq\selenium\selenium-chromium-driver\4.18.1\selenium-chromium-driver-4.18.1.jar;C:\Users\jyots\.m2\repository\org\seleniumhq\selenium\selenium-devtools-v120\4.18.1\selenium-devtools-v120-4.18.1.jar;C:\Users\jyots\.m2\repository\org\seleniumhq\selenium\selenium-devtools-v121\4.18.1\selenium-devtools-v121-4.18.1.jar;C:\Users\jyots\.m2\repository\org\seleniumhq\selenium\selenium-devtools-v122\4.18.1\selenium-devtools-v122-4.18.1.jar;C:\Users\jyots\.m2\repository\org\seleniumhq\selenium\selenium-devtools-v85\4.18.1\selenium-devtools-v85-4.18.1.jar;C:\Users\jyots\.m2\repository\org\seleniumhq\selenium\selenium-edge-driver\4.18.1\selenium-edge-driver-4.18.1.jar;C:\Users\jyots\.m2\repository\org\seleniumhq\selenium\selenium-ie-driver\4.18.1\selenium-ie-driver-4.18.1.jar;C:\Users\jyots\.m2\repository\org\seleniumhq\selenium\selenium-remote-driver\4.18.1\selenium-remote-driver-4.18.1.jar;C:\Users\jyots\.m2\repository\io\opentelemetry\semconv\opentelemetry-semconv\1.23.1-alpha\opentelemetry-semconv-1.23.1-alpha.jar;C:\Users\jyots\.m2\repository\io\opentelemetry\opentelemetry-api\1.35.0\opentelemetry-api-1.35.0.jar;C:\Users\jyots\.m2\repository\io\opentelemetry\opentelemetry-context\1.35.0\opentelemetry-context-1.35.0.jar;C:\Users\jyots\.m2\repository\io\opentelemetry\opentelemetry-exporter-logging\1.35.0\opentelemetry-exporter-logging-1.35.0.jar;C:\Users\jyots\.m2\repository\io\opentelemetry\opentelemetry-sdk-common\1.35.0\opentelemetry-sdk-common-1.35.0.jar;C:\Users\jyots\.m2\repository\io\opentelemetry\opentelemetry-sdk-extension-autoconfigure-spi\1.35.0\opentelemetry-sdk-extension-autoconfigure-spi-1.35.0.jar;C:\Users\jyots\.m2\repository\io\opentelemetry\opentelemetry-sdk-extension-autoconfigure\1.35.0\opentelemetry-sdk-extension-autoconfigure-1.35.0.jar;C:\Users\jyots\.m2\repository\io\opentelemetry\opentelemetry-api-events\1.35.0-alpha\opentelemetry-api-events-1.35.0-alpha.jar;C:\Users\jyots\.m2\repository\io\opentelemetry\opentelemetry-sdk-trace\1.35.0\opentelemetry-sdk-trace-1.35.0.jar;C:\Users\jyots\.m2\repository\io\opentelemetry\opentelemetry-extension-incubator\1.35.0-alpha\opentelemetry-extension-incubator-1.35.0-alpha.jar;C:\Users\jyots\.m2\repository\io\opentelemetry\opentelemetry-sdk\1.35.0\opentelemetry-sdk-1.35.0.jar;C:\Users\jyots\.m2\repository\io\opentelemetry\opentelemetry-sdk-metrics\1.35.0\opentelemetry-sdk-metrics-1.35.0.jar;C:\Users\jyots\.m2\repository\io\opentelemetry\opentelemetry-sdk-logs\1.35.0\opentelemetry-sdk-logs-1.35.0.jar;C:\Users\jyots\.m2\repository\net\bytebuddy\byte-buddy\1.14.12\byte-buddy-1.14.12.jar;C:\Users\jyots\.m2\repository\org\seleniumhq\selenium\selenium-os\4.18.1\selenium-os-4.18.1.jar;C:\Users\jyots\.m2\repository\org\apache\commons\commons-exec\1.3\commons-exec-1.3.jar;C:\Users\jyots\.m2\repository\org\seleniumhq\selenium\selenium-safari-driver\4.18.1\selenium-safari-driver-4.18.1.jar;C:\Users\jyots\.m2\repository\org\seleniumhq\selenium\selenium-support\4.18.1\selenium-support-4.18.1.jar;C:\Users\jyots\.m2\repository\org\testng\testng\7.8.0\testng-7.8.0.jar;C:\Users\jyots\.m2\repository\org\slf4j\slf4j-api\1.7.36\slf4j-api-1.7.36.jar;C:\Users\jyots\.m2\repository\com\beust\jcommander\1.82\jcommander-1.82.jar;C:\Users\jyots\.m2\repository\org\webjars\jquery\3.6.1\jquery-3.6.1.jar;C:\Users\jyots\.m2\repository\io\github\bonigarcia\webdrivermanager\5.7.0\webdrivermanager-5.7.0.jar;C:\Users\jyots\.m2\repository\com\google\code\gson\gson\2.10.1\gson-2.10.1.jar;C:\Users\jyots\.m2\repository\com\github\docker-java\docker-java\3.3.5\docker-java-3.3.5.jar;C:\Users\jyots\.m2\repository\com\github\docker-java\docker-java-core\3.3.5\docker-java-core-3.3.5.jar;C:\Users\jyots\.m2\repository\com\github\docker-java\docker-java-api\3.3.5\docker-java-api-3.3.5.jar;C:\Users\jyots\.m2\repository\org\bouncycastle\bcpkix-jdk18on\1.76\bcpkix-jdk18on-1.76.jar;C:\Users\jyots\.m2\repository\org\bouncycastle\bcprov-jdk18on\1.76\bcprov-jdk18on-1.76.jar;C:\Users\jyots\.m2\repository\org\bouncycastle\bcutil-jdk18on\1.76\bcutil-jdk18on-1.76.jar;C:\Users\jyots\.m2\repository\org\slf4j\jcl-over-slf4j\1.7.30\jcl-over-slf4j-1.7.30.jar;C:\Users\jyots\.m2\repository\com\github\docker-java\docker-java-transport-httpclient5\3.3.5\docker-java-transport-httpclient5-3.3.5.jar;C:\Users\jyots\.m2\repository\com\github\docker-java\docker-java-transport\3.3.5\docker-java-transport-3.3.5.jar;C:\Users\jyots\.m2\repository\net\java\dev\jna\jna\5.13.0\jna-5.13.0.jar;C:\Users\jyots\.m2\repository\org\brotli\dec\0.1.2\dec-0.1.2.jar;C:\Users\jyots\.m2\repository\org\apache\commons\commons-lang3\3.14.0\commons-lang3-3.14.0.jar;C:\Users\jyots\.m2\repository\org\apache\commons\commons-compress\1.26.0\commons-compress-1.26.0.jar;C:\Users\jyots\.m2\repository\commons-io\commons-io\2.15.1\commons-io-2.15.1.jar;C:\Users\jyots\.m2\repository\org\apache\httpcomponents\client5\httpclient5\5.2.1\httpclient5-5.2.1.jar;C:\Users\jyots\.m2\repository\org\apache\httpcomponents\core5\httpcore5\5.2\httpcore5-5.2.jar;C:\Users\jyots\.m2\repository\org\apache\httpcomponents\core5\httpcore5-h2\5.2\httpcore5-h2-5.2.jar;C:\Users\jyots\.m2\repository\com\fasterxml\jackson\core\jackson-databind\2.15.3\jackson-databind-2.15.3.jar;C:\Users\jyots\.m2\repository\com\fasterxml\jackson\core\jackson-annotations\2.15.3\jackson-annotations-2.15.3.jar;C:\Users\jyots\.m2\repository\com\fasterxml\jackson\core\jackson-core\2.15.3\jackson-core-2.15.3.jar;C:\Users\jyots\.m2\repository\ru\sbtqa\tag\page-factory\1.3.7\page-factory-1.3.7.jar;C:\Users\jyots\.m2\repository\ru\sbtqa\tag\qa-utils\1.2.4\qa-utils-1.2.4.jar;C:\Users\jyots\.m2\repository\log4j\log4j\1.2.17\log4j-1.2.17.jar;C:\Users\jyots\.m2\repository\org\slf4j\slf4j-log4j12\1.7.22\slf4j-log4j12-1.7.22.jar;C:\Users\jyots\.m2\repository\ru\sbtqa\tag\cucumber-runner\1.0.3\cucumber-runner-1.0.3.jar;C:\Users\jyots\.m2\repository\info\cukes\cucumber-junit\1.2.5\cucumber-junit-1.2.5.jar;C:\Users\jyots\.m2\repository\ru\sbtqa\tag\datajack\1.2.0\datajack-1.2.0.jar;C:\Users\jyots\.m2\repository\org\mongodb\mongo-java-driver\3.2.2\mongo-java-driver-3.2.2.jar;C:\Users\jyots\.m2\repository\org\apache\poi\poi-ooxml\3.13\poi-ooxml-3.13.jar;C:\Users\jyots\.m2\repository\org\apache\poi\poi\3.13\poi-3.13.jar;C:\Users\jyots\.m2\repository\org\apache\poi\poi-ooxml-schemas\3.13\poi-ooxml-schemas-3.13.jar;C:\Users\jyots\.m2\repository\org\apache\xmlbeans\xmlbeans\2.6.0\xmlbeans-2.6.0.jar;C:\Users\jyots\.m2\repository\stax\stax-api\1.0.1\stax-api-1.0.1.jar;C:\Users\jyots\.m2\repository\ru\sbtqa\tag\allure-helper\1.2.0\allure-helper-1.2.0.jar;C:\Users\jyots\.m2\repository\info\cukes\cucumber-core\1.2.5\cucumber-core-1.2.5.jar;C:\Users\jyots\.m2\repository\info\cukes\cucumber-html\0.2.3\cucumber-html-0.2.3.jar;C:\Users\jyots\.m2\repository\info\cukes\cucumber-jvm-deps\1.0.5\cucumber-jvm-deps-1.0.5.jar;C:\Users\jyots\.m2\repository\info\cukes\gherkin\2.12.2\gherkin-2.12.2.jar;C:\Users\jyots\.m2\repository\org\aspectj\aspectjrt\1.8.9\aspectjrt-1.8.9.jar;C:\Users\jyots\.m2\repository\ru\yandex\qatools\allure\allure-cucumber-jvm-adaptor\1.6.2\allure-cucumber-jvm-adaptor-1.6.2.jar;C:\Users\jyots\.m2\repository\ru\yandex\qatools\allure\allure-java-aspects\1.5.2\allure-java-aspects-1.5.2.jar;C:\Users\jyots\.m2\repository\ru\yandex\qatools\allure\allure-java-adaptor-api\1.5.2\allure-java-adaptor-api-1.5.2.jar;C:\Users\jyots\.m2\repository\ru\yandex\qatools\allure\allure-java-annotations\1.5.2\allure-java-annotations-1.5.2.jar;C:\Users\jyots\.m2\repository\org\apache\tika\tika-core\1.7\tika-core-1.7.jar;C:\Users\jyots\.m2\repository\ru\yandex\qatools\allure\allure-commons\1.5.2\allure-commons-1.5.2.jar;C:\Users\jyots\.m2\repository\ru\yandex\qatools\allure\allure-model\1.5.2\allure-model-1.5.2.jar;C:\Users\jyots\.m2\repository\org\jvnet\jaxb2_commons\jaxb2-basics-runtime\0.9.3\jaxb2-basics-runtime-0.9.3.jar;C:\Users\jyots\.m2\repository\ru\qatools\commons\properties\2.0.RC5\properties-2.0.RC5.jar;C:\Users\jyots\.m2\repository\info\cukes\cucumber-java\1.2.5\cucumber-java-1.2.5.jar;C:\Users\jyots\.m2\repository\commons-logging\commons-logging-api\1.1\commons-logging-api-1.1.jar;C:\Users\jyots\.m2\repository\ru\sbtqa\tag\video-recorder\1.0.6\video-recorder-1.0.6.jar;C:\Users\jyots\.m2\repository\ru\sbtqa\monte-media\1.1.0-JAVA7\monte-media-1.1.0-JAVA7.jar;C:\Users\jyots\.m2\repository\ru\sbtqa\htmlelements\htmlelements-java\1.17-JAVA7\htmlelements-java-1.17-JAVA7.jar;C:\Users\jyots\.m2\repository\io\appium\java-client\4.1.2\java-client-4.1.2.jar;C:\Users\jyots\.m2\repository\org\apache\httpcomponents\httpclient\4.5.2\httpclient-4.5.2.jar;C:\Users\jyots\.m2\repository\org\apache\httpcomponents\httpcore\4.4.4\httpcore-4.4.4.jar;C:\Users\jyots\.m2\repository\commons-codec\commons-codec\1.9\commons-codec-1.9.jar;C:\Users\jyots\.m2\repository\commons-validator\commons-validator\1.5.1\commons-validator-1.5.1.jar;C:\Users\jyots\.m2\repository\commons-beanutils\commons-beanutils\1.9.2\commons-beanutils-1.9.2.jar;C:\Users\jyots\.m2\repository\commons-digester\commons-digester\1.8.1\commons-digester-1.8.1.jar;C:\Users\jyots\.m2\repository\commons-collections\commons-collections\3.2.2\commons-collections-3.2.2.jar;C:\Users\jyots\.m2\repository\cglib\cglib-nodep\3.2.4\cglib-nodep-3.2.4.jar;C:\Users\jyots\.m2\repository\org\springframework\spring-context\4.3.2.RELEASE\spring-context-4.3.2.RELEASE.jar;C:\Users\jyots\.m2\repository\org\springframework\spring-aop\4.3.2.RELEASE\spring-aop-4.3.2.RELEASE.jar;C:\Users\jyots\.m2\repository\org\springframework\spring-beans\4.3.2.RELEASE\spring-beans-4.3.2.RELEASE.jar;C:\Users\jyots\.m2\repository\org\springframework\spring-core\4.3.2.RELEASE\spring-core-4.3.2.RELEASE.jar;C:\Users\jyots\.m2\repository\org\springframework\spring-expression\4.3.2.RELEASE\spring-expression-4.3.2.RELEASE.jar;C:\Users\jyots\.m2\repository\org\aspectj\aspectjweaver\1.8.9\aspectjweaver-1.8.9.jar;C:\Users\jyots\.m2\repository\junit\junit\4.12\junit-4.12.jar;C:\Users\jyots\.m2\repository\org\hamcrest\hamcrest-core\1.3\hamcrest-core-1.3.jar;C:\Users\jyots\.m2\repository\net\lightbody\bmp\browsermob-core\2.1.0-beta-4\browsermob-core-2.1.0-beta-4.jar;C:\Users\jyots\.m2\repository\org\apache\httpcomponents\httpmime\4.5.1\httpmime-4.5.1.jar;C:\Users\jyots\.m2\repository\net\sf\uadetector\uadetector-resources\2014.10\uadetector-resources-2014.10.jar;C:\Users\jyots\.m2\repository\net\sf\uadetector\uadetector-core\0.9.22\uadetector-core-0.9.22.jar;C:\Users\jyots\.m2\repository\net\sf\qualitycheck\quality-check\1.3\quality-check-1.3.jar;C:\Users\jyots\.m2\repository\com\google\code\findbugs\jsr305\2.0.3\jsr305-2.0.3.jar;C:\Users\jyots\.m2\repository\javax\annotation\jsr250-api\1.0\jsr250-api-1.0.jar;C:\Users\jyots\.m2\repository\javax\servlet\servlet-api\2.5\servlet-api-2.5.jar;C:\Users\jyots\.m2\repository\org\bouncycastle\bcprov-jdk15on\1.47\bcprov-jdk15on-1.47.jar;C:\Users\jyots\.m2\repository\dnsjava\dnsjava\2.1.7\dnsjava-2.1.7.jar;C:\Users\jyots\.m2\repository\net\lightbody\bmp\mitm\2.1.0-beta-4\mitm-2.1.0-beta-4.jar;C:\Users\jyots\.m2\repository\net\lightbody\bmp\browsermob-core-littleproxy\2.1.0-beta-4\browsermob-core-littleproxy-2.1.0-beta-4.jar;C:\Users\jyots\.m2\repository\net\lightbody\bmp\littleproxy\1.1.0-beta-bmp-10\littleproxy-1.1.0-beta-bmp-10.jar;C:\Users\jyots\.m2\repository\commons-cli\commons-cli\1.3.1\commons-cli-1.3.1.jar;C:\Users\jyots\.m2\repository\com\jcraft\jzlib\1.1.3\jzlib-1.1.3.jar;C:\Users\jyots\.m2\repository\io\netty\netty-all\4.0.33.Final\netty-all-4.0.33.Final.jar;C:\Users\jyots\.m2\repository\org\bouncycastle\bcpkix-jdk15on\1.53\bcpkix-jdk15on-1.53.jar;C:\Users\jyots\.m2\repository\org\reflections\reflections\0.9.10\reflections-0.9.10.jar;C:\Users\jyots\.m2\repository\org\javassist\javassist\3.19.0-GA\javassist-3.19.0-GA.jar;C:\Users\jyots\.m2\repository\com\google\code\findbugs\annotations\2.0.1\annotations-2.0.1.jar;C:\Users\jyots\.m2\repository\org\apache\maven\maven-project\2.0.10\maven-project-2.0.10.jar;C:\Users\jyots\.m2\repository\org\apache\maven\maven-settings\2.0.10\maven-settings-2.0.10.jar;C:\Users\jyots\.m2\repository\org\apache\maven\maven-profile\2.0.10\maven-profile-2.0.10.jar;C:\Users\jyots\.m2\repository\org\apache\maven\maven-model\2.0.10\maven-model-2.0.10.jar;C:\Users\jyots\.m2\repository\org\apache\maven\maven-artifact-manager\2.0.10\maven-artifact-manager-2.0.10.jar;C:\Users\jyots\.m2\repository\org\apache\maven\maven-repository-metadata\2.0.10\maven-repository-metadata-2.0.10.jar;C:\Users\jyots\.m2\repository\org\apache\maven\wagon\wagon-provider-api\1.0-beta-2\wagon-provider-api-1.0-beta-2.jar;C:\Users\jyots\.m2\repository\org\apache\maven\maven-plugin-registry\2.0.10\maven-plugin-registry-2.0.10.jar;C:\Users\jyots\.m2\repository\org\codehaus\plexus\plexus-interpolation\1.1\plexus-interpolation-1.1.jar;C:\Users\jyots\.m2\repository\org\codehaus\plexus\plexus-utils\1.5.5\plexus-utils-1.5.5.jar;C:\Users\jyots\.m2\repository\org\apache\maven\maven-artifact\2.0.10\maven-artifact-2.0.10.jar;C:\Users\jyots\.m2\repository\org\codehaus\plexus\plexus-container-default\1.0-alpha-9-stable-1\plexus-container-default-1.0-alpha-9-stable-1.jar;C:\Users\jyots\.m2\repository\classworlds\classworlds\1.1-alpha-2\classworlds-1.1-alpha-2.jar;C:\Users\jyots\.m2\repository\com\google\guava\guava\18.0\guava-18.0.jar;C:\Users\jyots\.m2\repository\org\seleniumhq\selenium\selenium-firefox-driver\4.18.1\selenium-firefox-driver-4.18.1.jar;C:\Users\jyots\.m2\repository\com\google\auto\service\auto-service-annotations\1.1.1\auto-service-annotations-1.1.1.jar;C:\Users\jyots\.m2\repository\org\seleniumhq\selenium\selenium-http\4.18.1\selenium-http-4.18.1.jar;C:\Users\jyots\.m2\repository\dev\failsafe\failsafe\3.3.2\failsafe-3.3.2.jar;C:\Users\jyots\.m2\repository\org\seleniumhq\selenium\selenium-json\4.18.1\selenium-json-4.18.1.jar;C:\Users\jyots\.m2\repository\org\seleniumhq\selenium\selenium-manager\4.18.1\selenium-manager-4.18.1.jar;C:\Users\jyots\.m2\repository\org\apache\pdfbox\pdfbox\2.0.24\pdfbox-2.0.24.jar;C:\Users\jyots\.m2\repository\org\apache\pdfbox\fontbox\2.0.24\fontbox-2.0.24.jar;C:\Users\jyots\.m2\repository\commons-logging\commons-logging\1.2\commons-logging-1.2.jar;"/>
    <property name="java.vm.vendor" value="Oracle Corporation"/>
    <property name="sun.arch.data.model" value="64"/>
    <property name="user.variant" value=""/>
    <property name="java.vendor.url" value="https://java.oracle.com/"/>
    <property name="user.timezone" value="Asia/Calcutta"/>
    <property name="os.name" value="Windows 11"/>
    <property name="java.vm.specification.version" value="21"/>
    <property name="sun.java.launcher" value="SUN_STANDARD"/>
    <property name="user.country" value="IN"/>
    <property name="sun.boot.library.path" value="C:\Program Files\Java\jdk-21\bin"/>
    <property name="sun.java.command" value="C:\Users\jyots\AppData\Local\Temp\surefire9781039793173121563\surefirebooter-20240415184017545_3.jar C:\Users\jyots\AppData\Local\Temp\surefire9781039793173121563 2024-04-15T18-40-17_397-jvmRun1 surefire-20240415184017545_1tmp surefire_0-20240415184017545_2tmp"/>
    <property name="jdk.debug" value="release"/>
    <property name="surefire.test.class.path" value="C:\Users\jyots\eclipse-workspace\Web\target\test-classes;C:\Users\jyots\eclipse-workspace\Web\target\classes;C:\Users\jyots\.m2\repository\org\seleniumhq\selenium\selenium-java\4.18.1\selenium-java-4.18.1.jar;C:\Users\jyots\.m2\repository\org\seleniumhq\selenium\selenium-api\4.18.1\selenium-api-4.18.1.jar;C:\Users\jyots\.m2\repository\org\seleniumhq\selenium\selenium-chrome-driver\4.18.1\selenium-chrome-driver-4.18.1.jar;C:\Users\jyots\.m2\repository\org\seleniumhq\selenium\selenium-chromium-driver\4.18.1\selenium-chromium-driver-4.18.1.jar;C:\Users\jyots\.m2\repository\org\seleniumhq\selenium\selenium-devtools-v120\4.18.1\selenium-devtools-v120-4.18.1.jar;C:\Users\jyots\.m2\repository\org\seleniumhq\selenium\selenium-devtools-v121\4.18.1\selenium-devtools-v121-4.18.1.jar;C:\Users\jyots\.m2\repository\org\seleniumhq\selenium\selenium-devtools-v122\4.18.1\selenium-devtools-v122-4.18.1.jar;C:\Users\jyots\.m2\repository\org\seleniumhq\selenium\selenium-devtools-v85\4.18.1\selenium-devtools-v85-4.18.1.jar;C:\Users\jyots\.m2\repository\org\seleniumhq\selenium\selenium-edge-driver\4.18.1\selenium-edge-driver-4.18.1.jar;C:\Users\jyots\.m2\repository\org\seleniumhq\selenium\selenium-ie-driver\4.18.1\selenium-ie-driver-4.18.1.jar;C:\Users\jyots\.m2\repository\org\seleniumhq\selenium\selenium-remote-driver\4.18.1\selenium-remote-driver-4.18.1.jar;C:\Users\jyots\.m2\repository\io\opentelemetry\semconv\opentelemetry-semconv\1.23.1-alpha\opentelemetry-semconv-1.23.1-alpha.jar;C:\Users\jyots\.m2\repository\io\opentelemetry\opentelemetry-api\1.35.0\opentelemetry-api-1.35.0.jar;C:\Users\jyots\.m2\repository\io\opentelemetry\opentelemetry-context\1.35.0\opentelemetry-context-1.35.0.jar;C:\Users\jyots\.m2\repository\io\opentelemetry\opentelemetry-exporter-logging\1.35.0\opentelemetry-exporter-logging-1.35.0.jar;C:\Users\jyots\.m2\repository\io\opentelemetry\opentelemetry-sdk-common\1.35.0\opentelemetry-sdk-common-1.35.0.jar;C:\Users\jyots\.m2\repository\io\opentelemetry\opentelemetry-sdk-extension-autoconfigure-spi\1.35.0\opentelemetry-sdk-extension-autoconfigure-spi-1.35.0.jar;C:\Users\jyots\.m2\repository\io\opentelemetry\opentelemetry-sdk-extension-autoconfigure\1.35.0\opentelemetry-sdk-extension-autoconfigure-1.35.0.jar;C:\Users\jyots\.m2\repository\io\opentelemetry\opentelemetry-api-events\1.35.0-alpha\opentelemetry-api-events-1.35.0-alpha.jar;C:\Users\jyots\.m2\repository\io\opentelemetry\opentelemetry-sdk-trace\1.35.0\opentelemetry-sdk-trace-1.35.0.jar;C:\Users\jyots\.m2\repository\io\opentelemetry\opentelemetry-extension-incubator\1.35.0-alpha\opentelemetry-extension-incubator-1.35.0-alpha.jar;C:\Users\jyots\.m2\repository\io\opentelemetry\opentelemetry-sdk\1.35.0\opentelemetry-sdk-1.35.0.jar;C:\Users\jyots\.m2\repository\io\opentelemetry\opentelemetry-sdk-metrics\1.35.0\opentelemetry-sdk-metrics-1.35.0.jar;C:\Users\jyots\.m2\repository\io\opentelemetry\opentelemetry-sdk-logs\1.35.0\opentelemetry-sdk-logs-1.35.0.jar;C:\Users\jyots\.m2\repository\net\bytebuddy\byte-buddy\1.14.12\byte-buddy-1.14.12.jar;C:\Users\jyots\.m2\repository\org\seleniumhq\selenium\selenium-os\4.18.1\selenium-os-4.18.1.jar;C:\Users\jyots\.m2\repository\org\apache\commons\commons-exec\1.3\commons-exec-1.3.jar;C:\Users\jyots\.m2\repository\org\seleniumhq\selenium\selenium-safari-driver\4.18.1\selenium-safari-driver-4.18.1.jar;C:\Users\jyots\.m2\repository\org\seleniumhq\selenium\selenium-support\4.18.1\selenium-support-4.18.1.jar;C:\Users\jyots\.m2\repository\org\testng\testng\7.8.0\testng-7.8.0.jar;C:\Users\jyots\.m2\repository\org\slf4j\slf4j-api\1.7.36\slf4j-api-1.7.36.jar;C:\Users\jyots\.m2\repository\com\beust\jcommander\1.82\jcommander-1.82.jar;C:\Users\jyots\.m2\repository\org\webjars\jquery\3.6.1\jquery-3.6.1.jar;C:\Users\jyots\.m2\repository\io\github\bonigarcia\webdrivermanager\5.7.0\webdrivermanager-5.7.0.jar;C:\Users\jyots\.m2\repository\com\google\code\gson\gson\2.10.1\gson-2.10.1.jar;C:\Users\jyots\.m2\repository\com\github\docker-java\docker-java\3.3.5\docker-java-3.3.5.jar;C:\Users\jyots\.m2\repository\com\github\docker-java\docker-java-core\3.3.5\docker-java-core-3.3.5.jar;C:\Users\jyots\.m2\repository\com\github\docker-java\docker-java-api\3.3.5\docker-java-api-3.3.5.jar;C:\Users\jyots\.m2\repository\org\bouncycastle\bcpkix-jdk18on\1.76\bcpkix-jdk18on-1.76.jar;C:\Users\jyots\.m2\repository\org\bouncycastle\bcprov-jdk18on\1.76\bcprov-jdk18on-1.76.jar;C:\Users\jyots\.m2\repository\org\bouncycastle\bcutil-jdk18on\1.76\bcutil-jdk18on-1.76.jar;C:\Users\jyots\.m2\repository\org\slf4j\jcl-over-slf4j\1.7.30\jcl-over-slf4j-1.7.30.jar;C:\Users\jyots\.m2\repository\com\github\docker-java\docker-java-transport-httpclient5\3.3.5\docker-java-transport-httpclient5-3.3.5.jar;C:\Users\jyots\.m2\repository\com\github\docker-java\docker-java-transport\3.3.5\docker-java-transport-3.3.5.jar;C:\Users\jyots\.m2\repository\net\java\dev\jna\jna\5.13.0\jna-5.13.0.jar;C:\Users\jyots\.m2\repository\org\brotli\dec\0.1.2\dec-0.1.2.jar;C:\Users\jyots\.m2\repository\org\apache\commons\commons-lang3\3.14.0\commons-lang3-3.14.0.jar;C:\Users\jyots\.m2\repository\org\apache\commons\commons-compress\1.26.0\commons-compress-1.26.0.jar;C:\Users\jyots\.m2\repository\commons-io\commons-io\2.15.1\commons-io-2.15.1.jar;C:\Users\jyots\.m2\repository\org\apache\httpcomponents\client5\httpclient5\5.2.1\httpclient5-5.2.1.jar;C:\Users\jyots\.m2\repository\org\apache\httpcomponents\core5\httpcore5\5.2\httpcore5-5.2.jar;C:\Users\jyots\.m2\repository\org\apache\httpcomponents\core5\httpcore5-h2\5.2\httpcore5-h2-5.2.jar;C:\Users\jyots\.m2\repository\com\fasterxml\jackson\core\jackson-databind\2.15.3\jackson-databind-2.15.3.jar;C:\Users\jyots\.m2\repository\com\fasterxml\jackson\core\jackson-annotations\2.15.3\jackson-annotations-2.15.3.jar;C:\Users\jyots\.m2\repository\com\fasterxml\jackson\core\jackson-core\2.15.3\jackson-core-2.15.3.jar;C:\Users\jyots\.m2\repository\ru\sbtqa\tag\page-factory\1.3.7\page-factory-1.3.7.jar;C:\Users\jyots\.m2\repository\ru\sbtqa\tag\qa-utils\1.2.4\qa-utils-1.2.4.jar;C:\Users\jyots\.m2\repository\log4j\log4j\1.2.17\log4j-1.2.17.jar;C:\Users\jyots\.m2\repository\org\slf4j\slf4j-log4j12\1.7.22\slf4j-log4j12-1.7.22.jar;C:\Users\jyots\.m2\repository\ru\sbtqa\tag\cucumber-runner\1.0.3\cucumber-runner-1.0.3.jar;C:\Users\jyots\.m2\repository\info\cukes\cucumber-junit\1.2.5\cucumber-junit-1.2.5.jar;C:\Users\jyots\.m2\repository\ru\sbtqa\tag\datajack\1.2.0\datajack-1.2.0.jar;C:\Users\jyots\.m2\repository\org\mongodb\mongo-java-driver\3.2.2\mongo-java-driver-3.2.2.jar;C:\Users\jyots\.m2\repository\org\apache\poi\poi-ooxml\3.13\poi-ooxml-3.13.jar;C:\Users\jyots\.m2\repository\org\apache\poi\poi\3.13\poi-3.13.jar;C:\Users\jyots\.m2\repository\org\apache\poi\poi-ooxml-schemas\3.13\poi-ooxml-schemas-3.13.jar;C:\Users\jyots\.m2\repository\org\apache\xmlbeans\xmlbeans\2.6.0\xmlbeans-2.6.0.jar;C:\Users\jyots\.m2\repository\stax\stax-api\1.0.1\stax-api-1.0.1.jar;C:\Users\jyots\.m2\repository\ru\sbtqa\tag\allure-helper\1.2.0\allure-helper-1.2.0.jar;C:\Users\jyots\.m2\repository\info\cukes\cucumber-core\1.2.5\cucumber-core-1.2.5.jar;C:\Users\jyots\.m2\repository\info\cukes\cucumber-html\0.2.3\cucumber-html-0.2.3.jar;C:\Users\jyots\.m2\repository\info\cukes\cucumber-jvm-deps\1.0.5\cucumber-jvm-deps-1.0.5.jar;C:\Users\jyots\.m2\repository\info\cukes\gherkin\2.12.2\gherkin-2.12.2.jar;C:\Users\jyots\.m2\repository\org\aspectj\aspectjrt\1.8.9\aspectjrt-1.8.9.jar;C:\Users\jyots\.m2\repository\ru\yandex\qatools\allure\allure-cucumber-jvm-adaptor\1.6.2\allure-cucumber-jvm-adaptor-1.6.2.jar;C:\Users\jyots\.m2\repository\ru\yandex\qatools\allure\allure-java-aspects\1.5.2\allure-java-aspects-1.5.2.jar;C:\Users\jyots\.m2\repository\ru\yandex\qatools\allure\allure-java-adaptor-api\1.5.2\allure-java-adaptor-api-1.5.2.jar;C:\Users\jyots\.m2\repository\ru\yandex\qatools\allure\allure-java-annotations\1.5.2\allure-java-annotations-1.5.2.jar;C:\Users\jyots\.m2\repository\org\apache\tika\tika-core\1.7\tika-core-1.7.jar;C:\Users\jyots\.m2\repository\ru\yandex\qatools\allure\allure-commons\1.5.2\allure-commons-1.5.2.jar;C:\Users\jyots\.m2\repository\ru\yandex\qatools\allure\allure-model\1.5.2\allure-model-1.5.2.jar;C:\Users\jyots\.m2\repository\org\jvnet\jaxb2_commons\jaxb2-basics-runtime\0.9.3\jaxb2-basics-runtime-0.9.3.jar;C:\Users\jyots\.m2\repository\ru\qatools\commons\properties\2.0.RC5\properties-2.0.RC5.jar;C:\Users\jyots\.m2\repository\info\cukes\cucumber-java\1.2.5\cucumber-java-1.2.5.jar;C:\Users\jyots\.m2\repository\commons-logging\commons-logging-api\1.1\commons-logging-api-1.1.jar;C:\Users\jyots\.m2\repository\ru\sbtqa\tag\video-recorder\1.0.6\video-recorder-1.0.6.jar;C:\Users\jyots\.m2\repository\ru\sbtqa\monte-media\1.1.0-JAVA7\monte-media-1.1.0-JAVA7.jar;C:\Users\jyots\.m2\repository\ru\sbtqa\htmlelements\htmlelements-java\1.17-JAVA7\htmlelements-java-1.17-JAVA7.jar;C:\Users\jyots\.m2\repository\io\appium\java-client\4.1.2\java-client-4.1.2.jar;C:\Users\jyots\.m2\repository\org\apache\httpcomponents\httpclient\4.5.2\httpclient-4.5.2.jar;C:\Users\jyots\.m2\repository\org\apache\httpcomponents\httpcore\4.4.4\httpcore-4.4.4.jar;C:\Users\jyots\.m2\repository\commons-codec\commons-codec\1.9\commons-codec-1.9.jar;C:\Users\jyots\.m2\repository\commons-validator\commons-validator\1.5.1\commons-validator-1.5.1.jar;C:\Users\jyots\.m2\repository\commons-beanutils\commons-beanutils\1.9.2\commons-beanutils-1.9.2.jar;C:\Users\jyots\.m2\repository\commons-digester\commons-digester\1.8.1\commons-digester-1.8.1.jar;C:\Users\jyots\.m2\repository\commons-collections\commons-collections\3.2.2\commons-collections-3.2.2.jar;C:\Users\jyots\.m2\repository\cglib\cglib-nodep\3.2.4\cglib-nodep-3.2.4.jar;C:\Users\jyots\.m2\repository\org\springframework\spring-context\4.3.2.RELEASE\spring-context-4.3.2.RELEASE.jar;C:\Users\jyots\.m2\repository\org\springframework\spring-aop\4.3.2.RELEASE\spring-aop-4.3.2.RELEASE.jar;C:\Users\jyots\.m2\repository\org\springframework\spring-beans\4.3.2.RELEASE\spring-beans-4.3.2.RELEASE.jar;C:\Users\jyots\.m2\repository\org\springframework\spring-core\4.3.2.RELEASE\spring-core-4.3.2.RELEASE.jar;C:\Users\jyots\.m2\repository\org\springframework\spring-expression\4.3.2.RELEASE\spring-expression-4.3.2.RELEASE.jar;C:\Users\jyots\.m2\repository\org\aspectj\aspectjweaver\1.8.9\aspectjweaver-1.8.9.jar;C:\Users\jyots\.m2\repository\junit\junit\4.12\junit-4.12.jar;C:\Users\jyots\.m2\repository\org\hamcrest\hamcrest-core\1.3\hamcrest-core-1.3.jar;C:\Users\jyots\.m2\repository\net\lightbody\bmp\browsermob-core\2.1.0-beta-4\browsermob-core-2.1.0-beta-4.jar;C:\Users\jyots\.m2\repository\org\apache\httpcomponents\httpmime\4.5.1\httpmime-4.5.1.jar;C:\Users\jyots\.m2\repository\net\sf\uadetector\uadetector-resources\2014.10\uadetector-resources-2014.10.jar;C:\Users\jyots\.m2\repository\net\sf\uadetector\uadetector-core\0.9.22\uadetector-core-0.9.22.jar;C:\Users\jyots\.m2\repository\net\sf\qualitycheck\quality-check\1.3\quality-check-1.3.jar;C:\Users\jyots\.m2\repository\com\google\code\findbugs\jsr305\2.0.3\jsr305-2.0.3.jar;C:\Users\jyots\.m2\repository\javax\annotation\jsr250-api\1.0\jsr250-api-1.0.jar;C:\Users\jyots\.m2\repository\javax\servlet\servlet-api\2.5\servlet-api-2.5.jar;C:\Users\jyots\.m2\repository\org\bouncycastle\bcprov-jdk15on\1.47\bcprov-jdk15on-1.47.jar;C:\Users\jyots\.m2\repository\dnsjava\dnsjava\2.1.7\dnsjava-2.1.7.jar;C:\Users\jyots\.m2\repository\net\lightbody\bmp\mitm\2.1.0-beta-4\mitm-2.1.0-beta-4.jar;C:\Users\jyots\.m2\repository\net\lightbody\bmp\browsermob-core-littleproxy\2.1.0-beta-4\browsermob-core-littleproxy-2.1.0-beta-4.jar;C:\Users\jyots\.m2\repository\net\lightbody\bmp\littleproxy\1.1.0-beta-bmp-10\littleproxy-1.1.0-beta-bmp-10.jar;C:\Users\jyots\.m2\repository\commons-cli\commons-cli\1.3.1\commons-cli-1.3.1.jar;C:\Users\jyots\.m2\repository\com\jcraft\jzlib\1.1.3\jzlib-1.1.3.jar;C:\Users\jyots\.m2\repository\io\netty\netty-all\4.0.33.Final\netty-all-4.0.33.Final.jar;C:\Users\jyots\.m2\repository\org\bouncycastle\bcpkix-jdk15on\1.53\bcpkix-jdk15on-1.53.jar;C:\Users\jyots\.m2\repository\org\reflections\reflections\0.9.10\reflections-0.9.10.jar;C:\Users\jyots\.m2\repository\org\javassist\javassist\3.19.0-GA\javassist-3.19.0-GA.jar;C:\Users\jyots\.m2\repository\com\google\code\findbugs\annotations\2.0.1\annotations-2.0.1.jar;C:\Users\jyots\.m2\repository\org\apache\maven\maven-project\2.0.10\maven-project-2.0.10.jar;C:\Users\jyots\.m2\repository\org\apache\maven\maven-settings\2.0.10\maven-settings-2.0.10.jar;C:\Users\jyots\.m2\repository\org\apache\maven\maven-profile\2.0.10\maven-profile-2.0.10.jar;C:\Users\jyots\.m2\repository\org\apache\maven\maven-model\2.0.10\maven-model-2.0.10.jar;C:\Users\jyots\.m2\repository\org\apache\maven\maven-artifact-manager\2.0.10\maven-artifact-manager-2.0.10.jar;C:\Users\jyots\.m2\repository\org\apache\maven\maven-repository-metadata\2.0.10\maven-repository-metadata-2.0.10.jar;C:\Users\jyots\.m2\repository\org\apache\maven\wagon\wagon-provider-api\1.0-beta-2\wagon-provider-api-1.0-beta-2.jar;C:\Users\jyots\.m2\repository\org\apache\maven\maven-plugin-registry\2.0.10\maven-plugin-registry-2.0.10.jar;C:\Users\jyots\.m2\repository\org\codehaus\plexus\plexus-interpolation\1.1\plexus-interpolation-1.1.jar;C:\Users\jyots\.m2\repository\org\codehaus\plexus\plexus-utils\1.5.5\plexus-utils-1.5.5.jar;C:\Users\jyots\.m2\repository\org\apache\maven\maven-artifact\2.0.10\maven-artifact-2.0.10.jar;C:\Users\jyots\.m2\repository\org\codehaus\plexus\plexus-container-default\1.0-alpha-9-stable-1\plexus-container-default-1.0-alpha-9-stable-1.jar;C:\Users\jyots\.m2\repository\classworlds\classworlds\1.1-alpha-2\classworlds-1.1-alpha-2.jar;C:\Users\jyots\.m2\repository\com\google\guava\guava\18.0\guava-18.0.jar;C:\Users\jyots\.m2\repository\org\seleniumhq\selenium\selenium-firefox-driver\4.18.1\selenium-firefox-driver-4.18.1.jar;C:\Users\jyots\.m2\repository\com\google\auto\service\auto-service-annotations\1.1.1\auto-service-annotations-1.1.1.jar;C:\Users\jyots\.m2\repository\org\seleniumhq\selenium\selenium-http\4.18.1\selenium-http-4.18.1.jar;C:\Users\jyots\.m2\repository\dev\failsafe\failsafe\3.3.2\failsafe-3.3.2.jar;C:\Users\jyots\.m2\repository\org\seleniumhq\selenium\selenium-json\4.18.1\selenium-json-4.18.1.jar;C:\Users\jyots\.m2\repository\org\seleniumhq\selenium\selenium-manager\4.18.1\selenium-manager-4.18.1.jar;C:\Users\jyots\.m2\repository\org\apache\pdfbox\pdfbox\2.0.24\pdfbox-2.0.24.jar;C:\Users\jyots\.m2\repository\org\apache\pdfbox\fontbox\2.0.24\fontbox-2.0.24.jar;C:\Users\jyots\.m2\repository\commons-logging\commons-logging\1.2\commons-logging-1.2.jar;"/>
    <property name="sun.cpu.endian" value="little"/>
    <property name="user.home" value="C:\Users\jyots"/>
    <property name="user.language" value="en"/>
    <property name="java.specification.vendor" value="Oracle Corporation"/>
    <property name="java.version.date" value="2024-01-16"/>
    <property name="java.home" value="C:\Program Files\Java\jdk-21"/>
    <property name="file.separator" value="\"/>
    <property name="basedir" value="C:\Users\jyots\eclipse-workspace\Web"/>
    <property name="java.vm.compressedOopsMode" value="Zero based"/>
    <property name="line.separator" value="&#10;"/>
    <property name="java.vm.specification.vendor" value="Oracle Corporation"/>
    <property name="java.specification.name" value="Java Platform API Specification"/>
    <property name="surefire.real.class.path" value="C:\Users\jyots\AppData\Local\Temp\surefire9781039793173121563\surefirebooter-20240415184017545_3.jar"/>
    <property name="user.script" value=""/>
    <property name="sun.management.compiler" value="HotSpot 64-Bit Tiered Compilers"/>
    <property name="java.runtime.version" value="21.0.2+13-LTS-58"/>
    <property name="user.name" value="jyots"/>
    <property name="stdout.encoding" value="Cp1252"/>
    <property name="path.separator" value=";"/>
    <property name="os.version" value="10.0"/>
    <property name="java.runtime.name" value="Java(TM) SE Runtime Environment"/>
    <property name="file.encoding" value="UTF-8"/>
    <property name="java.vm.name" value="Java HotSpot(TM) 64-Bit Server VM"/>
    <property name="localRepository" value="C:\Users\jyots\.m2\repository"/>
    <property name="java.vendor.url.bug" value="https://bugreport.java.com/bugreport/"/>
    <property name="java.io.tmpdir" value="C:\Users\jyots\AppData\Local\Temp\"/>
    <property name="java.version" value="21.0.2"/>
    <property name="user.dir" value="C:\Users\jyots\eclipse-workspace\Web"/>
    <property name="os.arch" value="amd64"/>
    <property name="java.vm.specification.name" value="Java Virtual Machine Specification"/>
    <property name="sun.os.patch.level" value=""/>
    <property name="native.encoding" value="Cp1252"/>
    <property name="java.library.path" value="C:\Program Files\Java\jdk-21\bin;C:\Windows\Sun\Java\bin;C:\Windows\system32;C:\Windows;C:\Program Files\Common Files\Oracle\Java\javapath;C:\Windows\system32;C:\Windows;C:\Windows\System32\Wbem;C:\Windows\System32\WindowsPowerShell\v1.0\;C:\Windows\System32\OpenSSH\;C:\Program Files\Git\cmd;C:\Users\jyots;C:\Program Files\Java\jdk-21\bin;C:\Program Files\nodejs\;C:\Users\jyots\AppData\Local\Android\Sdk\tools\bin;C:\Users\jyots\AppData\Local\Android\Sdk\tools;C:\Users\jyots\AppData\Local\Android\Sdk\platform-tools;C:\Program Files\nodejs\node_modules\npm\bin;C:\Users\jyots\apache-maven-3.9.6-bin\apache-maven-3.9.6\bin;C:\Users\jyots\AppData\Local\Microsoft\WindowsApps;C:\Users\jyots\OneDrive\Documents\PAF_repo\deploy\local;C:\Users\jyots\AppData\Local\Programs\Microsoft VS Code\bin;C:\Users\jyots\ADB\platform-tools_r34.0.5-windows\platform-tools;C:\Users\jyots\AppData\Roaming\npm;."/>
    <property name="java.vm.info" value="mixed mode, sharing"/>
    <property name="stderr.encoding" value="Cp1252"/>
    <property name="java.vendor" value="Oracle Corporation"/>
    <property name="java.vm.version" value="21.0.2+13-LTS-58"/>
    <property name="sun.io.unicode.encoding" value="UnicodeLittle"/>
    <property name="java.class.version" value="65.0"/>
  </properties>
  <testcase name="fillVBCEnquiryForm[{duration=1 to 6 months, profession=IT / Software Development, gender=Female, phone=9310980049, city=New Delhi, session=Vedanta: Basics to Classics, name=Jyotsana, state=Delhi, email=jp@yopmail.com, age=45}](1)" classname="TestCases.EnquiryTest" time="5.141">
    <system-out><![CDATA[Vedanta: Basics to Classics
1
Thank you for submitting your enquiry
]]></system-out>
    <system-err><![CDATA[log4j:WARN No appenders could be found for logger (org.testng.TestNG).
log4j:WARN Please initialize the log4j system properly.
log4j:WARN See http://logging.apache.org/log4j/1.2/faq.html#noconfig for more info.
Apr 15, 2024 6:40:21 PM org.openqa.selenium.devtools.CdpVersionFinder findNearestMatch
WARNING: Unable to find an exact match for CDP version 123, returning the closest version; found: 122; Please update to a Selenium version that supports CDP version 123
]]></system-err>
  </testcase>
</testsuite>