<?xml version="1.0" encoding="UTF-8"?>
<!-- Generated by org.testng.reporters.JUnitReportReporter -->
<testsuite hostname="Jyotsana" failures="0" tests="1" name="TestCases.EnquiryTest" time="12.163" errors="0" timestamp="2024-04-15T10:01:20 IST" skipped="0">
  <testcase classname="TestCases.EnquiryTest" name="fillVBCEnquiryForm" time="12.163"/>
</testsuite> <!-- TestCases.EnquiryTest -->
