<?xml version="1.0" encoding="UTF-8"?>
<!-- Generated by org.testng.reporters.JUnitReportReporter -->
<testsuite hostname="Jyotsana" failures="0" tests="2" name="TestCases.EnquiryTest" time="24.206" errors="0" timestamp="2024-04-16T13:28:28 IST" skipped="0">
  <testcase classname="TestCases.EnquiryTest" name="fillGitaEnquiryForm" time="10.478"/>
  <testcase classname="TestCases.EnquiryTest" name="fillVBCEnquiryForm" time="13.728"/>
</testsuite> <!-- TestCases.EnquiryTest -->
