<?xml version="1.0" encoding="UTF-8"?>
<!-- Generated by org.testng.reporters.JUnitReportReporter -->
<testsuite hostname="Jyotsana" failures="0" tests="1" name="TestCases.DonationTest" time="38.983" errors="0" timestamp="2024-04-17T17:58:30 IST" skipped="0">
  <testcase classname="TestCases.DonationTest" name="donateForFoundation" time="38.983"/>
</testsuite> <!-- TestCases.DonationTest -->
